{"/Users/tomcaflisch/Sites/generator-hapijs/generators/app/index.js":{"path":"/Users/tomcaflisch/Sites/generator-hapijs/generators/app/index.js","s":{"1":1,"2":1,"3":1,"4":1,"5":1,"6":1,"7":1,"8":1,"9":1,"10":0,"11":1,"12":1,"13":1,"14":1,"15":1,"16":1},"b":{"1":[0,1]},"f":{"1":1,"2":1,"3":1,"4":1},"fnMap":{"1":{"name":"(anonymous_1)","line":10,"loc":{"start":{"line":10,"column":8},"end":{"line":10,"column":20}}},"2":{"name":"(anonymous_2)","line":13,"loc":{"start":{"line":13,"column":19},"end":{"line":13,"column":31}}},"3":{"name":"(anonymous_3)","line":20,"loc":{"start":{"line":20,"column":10},"end":{"line":20,"column":22}}},"4":{"name":"(anonymous_4)","line":40,"loc":{"start":{"line":40,"column":9},"end":{"line":40,"column":21}}}},"statementMap":{"1":{"start":{"line":2,"column":0},"end":{"line":2,"column":27}},"2":{"start":{"line":3,"column":0},"end":{"line":3,"column":27}},"3":{"start":{"line":4,"column":0},"end":{"line":4,"column":41}},"4":{"start":{"line":5,"column":0},"end":{"line":5,"column":29}},"5":{"start":{"line":6,"column":0},"end":{"line":6,"column":29}},"6":{"start":{"line":9,"column":0},"end":{"line":51,"column":3}},"7":{"start":{"line":11,"column":4},"end":{"line":11,"column":45}},"8":{"start":{"line":13,"column":4},"end":{"line":17,"column":7}},"9":{"start":{"line":14,"column":6},"end":{"line":16,"column":7}},"10":{"start":{"line":15,"column":8},"end":{"line":15,"column":35}},"11":{"start":{"line":24,"column":2},"end":{"line":24,"column":64}},"12":{"start":{"line":41,"column":2},"end":{"line":41,"column":40}},"13":{"start":{"line":42,"column":2},"end":{"line":42,"column":44}},"14":{"start":{"line":43,"column":2},"end":{"line":43,"column":52}},"15":{"start":{"line":44,"column":4},"end":{"line":44,"column":26}},"16":{"start":{"line":53,"column":0},"end":{"line":53,"column":31}}},"branchMap":{"1":{"line":14,"type":"if","locations":[{"start":{"line":14,"column":6},"end":{"line":14,"column":6}},{"start":{"line":14,"column":6},"end":{"line":14,"column":6}}]}}},"/Users/tomcaflisch/Sites/generator-hapijs/generators/module/index.js":{"path":"/Users/tomcaflisch/Sites/generator-hapijs/generators/module/index.js","s":{"1":1,"2":1,"3":1,"4":1,"5":1,"6":1,"7":2,"8":1,"9":1,"10":2,"11":1,"12":1,"13":1,"14":1,"15":1,"16":2,"17":0,"18":0,"19":0,"20":2,"21":0,"22":0,"23":0,"24":2,"25":2,"26":2,"27":2,"28":2,"29":1},"b":{"1":[1,1],"2":[1,1],"3":[0,0],"4":[0,0],"5":[0,0],"6":[0,0]},"f":{"1":2,"2":2,"3":1,"4":2,"5":0,"6":0},"fnMap":{"1":{"name":"(anonymous_1)","line":10,"loc":{"start":{"line":10,"column":8},"end":{"line":10,"column":20}}},"2":{"name":"(anonymous_2)","line":21,"loc":{"start":{"line":21,"column":14},"end":{"line":21,"column":25}}},"3":{"name":"(anonymous_3)","line":33,"loc":{"start":{"line":33,"column":6},"end":{"line":33,"column":25}}},"4":{"name":"(anonymous_4)","line":41,"loc":{"start":{"line":41,"column":9},"end":{"line":41,"column":21}}},"5":{"name":"(anonymous_5)","line":44,"loc":{"start":{"line":44,"column":42},"end":{"line":44,"column":56}}},"6":{"name":"(anonymous_6)","line":53,"loc":{"start":{"line":53,"column":53},"end":{"line":53,"column":67}}}},"statementMap":{"1":{"start":{"line":2,"column":0},"end":{"line":2,"column":27}},"2":{"start":{"line":3,"column":0},"end":{"line":3,"column":41}},"3":{"start":{"line":4,"column":0},"end":{"line":4,"column":29}},"4":{"start":{"line":5,"column":0},"end":{"line":5,"column":27}},"5":{"start":{"line":6,"column":0},"end":{"line":6,"column":23}},"6":{"start":{"line":9,"column":0},"end":{"line":68,"column":3}},"7":{"start":{"line":13,"column":4},"end":{"line":17,"column":5}},"8":{"start":{"line":14,"column":5},"end":{"line":14,"column":106}},"9":{"start":{"line":16,"column":3},"end":{"line":16,"column":76}},"10":{"start":{"line":24,"column":2},"end":{"line":37,"column":3}},"11":{"start":{"line":25,"column":3},"end":{"line":25,"column":33}},"12":{"start":{"line":27,"column":3},"end":{"line":27,"column":27}},"13":{"start":{"line":28,"column":3},"end":{"line":36,"column":17}},"14":{"start":{"line":34,"column":4},"end":{"line":34,"column":29}},"15":{"start":{"line":35,"column":4},"end":{"line":35,"column":11}},"16":{"start":{"line":44,"column":2},"end":{"line":50,"column":7}},"17":{"start":{"line":45,"column":3},"end":{"line":49,"column":4}},"18":{"start":{"line":47,"column":4},"end":{"line":47,"column":26}},"19":{"start":{"line":48,"column":4},"end":{"line":48,"column":21}},"20":{"start":{"line":53,"column":2},"end":{"line":59,"column":7}},"21":{"start":{"line":54,"column":3},"end":{"line":58,"column":4}},"22":{"start":{"line":56,"column":4},"end":{"line":56,"column":26}},"23":{"start":{"line":57,"column":4},"end":{"line":57,"column":21}},"24":{"start":{"line":62,"column":2},"end":{"line":62,"column":24}},"25":{"start":{"line":63,"column":4},"end":{"line":63,"column":92}},"26":{"start":{"line":64,"column":2},"end":{"line":64,"column":88}},"27":{"start":{"line":65,"column":2},"end":{"line":65,"column":90}},"28":{"start":{"line":66,"column":2},"end":{"line":66,"column":92}},"29":{"start":{"line":70,"column":0},"end":{"line":70,"column":33}}},"branchMap":{"1":{"line":13,"type":"if","locations":[{"start":{"line":13,"column":4},"end":{"line":13,"column":4}},{"start":{"line":13,"column":4},"end":{"line":13,"column":4}}]},"2":{"line":24,"type":"if","locations":[{"start":{"line":24,"column":2},"end":{"line":24,"column":2}},{"start":{"line":24,"column":2},"end":{"line":24,"column":2}}]},"3":{"line":45,"type":"if","locations":[{"start":{"line":45,"column":3},"end":{"line":45,"column":3}},{"start":{"line":45,"column":3},"end":{"line":45,"column":3}}]},"4":{"line":45,"type":"binary-expr","locations":[{"start":{"line":45,"column":7},"end":{"line":45,"column":10}},{"start":{"line":45,"column":14},"end":{"line":45,"column":34}}]},"5":{"line":54,"type":"if","locations":[{"start":{"line":54,"column":3},"end":{"line":54,"column":3}},{"start":{"line":54,"column":3},"end":{"line":54,"column":3}}]},"6":{"line":54,"type":"binary-expr","locations":[{"start":{"line":54,"column":7},"end":{"line":54,"column":10}},{"start":{"line":54,"column":14},"end":{"line":54,"column":34}}]}}}}