{"/Users/tomcaflisch/Sites/generator-hapijs/generators/app/index.js":{"path":"/Users/tomcaflisch/Sites/generator-hapijs/generators/app/index.js","s":{"1":1,"2":1,"3":1,"4":1,"5":1,"6":1,"7":1,"8":1,"9":1,"10":0,"11":1,"12":1,"13":1,"14":1,"15":1,"16":1,"17":1,"18":1,"19":1},"b":{"1":[0,1]},"f":{"1":1,"2":1,"3":1,"4":1,"5":1},"fnMap":{"1":{"name":"(anonymous_1)","line":10,"loc":{"start":{"line":10,"column":8},"end":{"line":10,"column":20}}},"2":{"name":"(anonymous_2)","line":13,"loc":{"start":{"line":13,"column":19},"end":{"line":13,"column":31}}},"3":{"name":"(anonymous_3)","line":20,"loc":{"start":{"line":20,"column":10},"end":{"line":20,"column":22}}},"4":{"name":"(anonymous_4)","line":33,"loc":{"start":{"line":33,"column":25},"end":{"line":33,"column":42}}},"5":{"name":"(anonymous_5)","line":40,"loc":{"start":{"line":40,"column":9},"end":{"line":40,"column":21}}}},"statementMap":{"1":{"start":{"line":2,"column":0},"end":{"line":2,"column":27}},"2":{"start":{"line":3,"column":0},"end":{"line":3,"column":27}},"3":{"start":{"line":4,"column":0},"end":{"line":4,"column":41}},"4":{"start":{"line":5,"column":0},"end":{"line":5,"column":29}},"5":{"start":{"line":6,"column":0},"end":{"line":6,"column":29}},"6":{"start":{"line":9,"column":0},"end":{"line":49,"column":3}},"7":{"start":{"line":11,"column":4},"end":{"line":11,"column":45}},"8":{"start":{"line":13,"column":4},"end":{"line":17,"column":7}},"9":{"start":{"line":14,"column":6},"end":{"line":16,"column":7}},"10":{"start":{"line":15,"column":8},"end":{"line":15,"column":35}},"11":{"start":{"line":21,"column":4},"end":{"line":21,"column":28}},"12":{"start":{"line":24,"column":4},"end":{"line":24,"column":66}},"13":{"start":{"line":26,"column":4},"end":{"line":31,"column":7}},"14":{"start":{"line":33,"column":4},"end":{"line":37,"column":18}},"15":{"start":{"line":34,"column":6},"end":{"line":34,"column":41}},"16":{"start":{"line":36,"column":6},"end":{"line":36,"column":13}},"17":{"start":{"line":41,"column":2},"end":{"line":41,"column":52}},"18":{"start":{"line":42,"column":4},"end":{"line":42,"column":26}},"19":{"start":{"line":51,"column":0},"end":{"line":51,"column":31}}},"branchMap":{"1":{"line":14,"type":"if","locations":[{"start":{"line":14,"column":6},"end":{"line":14,"column":6}},{"start":{"line":14,"column":6},"end":{"line":14,"column":6}}]}}},"/Users/tomcaflisch/Sites/generator-hapijs/generators/module/index.js":{"path":"/Users/tomcaflisch/Sites/generator-hapijs/generators/module/index.js","s":{"1":1,"2":1,"3":1,"4":1,"5":1,"6":2,"7":1,"8":1,"9":2,"10":1,"11":1,"12":1,"13":1,"14":1,"15":2,"16":0,"17":0,"18":0,"19":2,"20":0,"21":0,"22":0,"23":2,"24":2,"25":2,"26":2,"27":2,"28":1},"b":{"1":[1,1],"2":[1,1],"3":[0,0],"4":[0,0],"5":[0,0],"6":[0,0]},"f":{"1":2,"2":2,"3":1,"4":2,"5":0,"6":0},"fnMap":{"1":{"name":"(anonymous_1)","line":9,"loc":{"start":{"line":9,"column":8},"end":{"line":9,"column":20}}},"2":{"name":"(anonymous_2)","line":18,"loc":{"start":{"line":18,"column":14},"end":{"line":18,"column":25}}},"3":{"name":"(anonymous_3)","line":30,"loc":{"start":{"line":30,"column":6},"end":{"line":30,"column":25}}},"4":{"name":"(anonymous_4)","line":38,"loc":{"start":{"line":38,"column":9},"end":{"line":38,"column":21}}},"5":{"name":"(anonymous_5)","line":41,"loc":{"start":{"line":41,"column":42},"end":{"line":41,"column":56}}},"6":{"name":"(anonymous_6)","line":50,"loc":{"start":{"line":50,"column":53},"end":{"line":50,"column":67}}}},"statementMap":{"1":{"start":{"line":2,"column":0},"end":{"line":2,"column":27}},"2":{"start":{"line":3,"column":0},"end":{"line":3,"column":41}},"3":{"start":{"line":4,"column":0},"end":{"line":4,"column":27}},"4":{"start":{"line":5,"column":0},"end":{"line":5,"column":23}},"5":{"start":{"line":8,"column":0},"end":{"line":65,"column":3}},"6":{"start":{"line":10,"column":4},"end":{"line":14,"column":5}},"7":{"start":{"line":11,"column":6},"end":{"line":11,"column":101}},"8":{"start":{"line":13,"column":6},"end":{"line":13,"column":75}},"9":{"start":{"line":21,"column":2},"end":{"line":34,"column":3}},"10":{"start":{"line":22,"column":3},"end":{"line":22,"column":33}},"11":{"start":{"line":24,"column":3},"end":{"line":24,"column":27}},"12":{"start":{"line":25,"column":3},"end":{"line":33,"column":17}},"13":{"start":{"line":31,"column":4},"end":{"line":31,"column":29}},"14":{"start":{"line":32,"column":4},"end":{"line":32,"column":11}},"15":{"start":{"line":41,"column":2},"end":{"line":47,"column":7}},"16":{"start":{"line":42,"column":3},"end":{"line":46,"column":4}},"17":{"start":{"line":44,"column":4},"end":{"line":44,"column":26}},"18":{"start":{"line":45,"column":4},"end":{"line":45,"column":21}},"19":{"start":{"line":50,"column":2},"end":{"line":56,"column":7}},"20":{"start":{"line":51,"column":3},"end":{"line":55,"column":4}},"21":{"start":{"line":53,"column":4},"end":{"line":53,"column":26}},"22":{"start":{"line":54,"column":4},"end":{"line":54,"column":21}},"23":{"start":{"line":59,"column":2},"end":{"line":59,"column":24}},"24":{"start":{"line":60,"column":4},"end":{"line":60,"column":92}},"25":{"start":{"line":61,"column":2},"end":{"line":61,"column":88}},"26":{"start":{"line":62,"column":2},"end":{"line":62,"column":90}},"27":{"start":{"line":63,"column":2},"end":{"line":63,"column":92}},"28":{"start":{"line":67,"column":0},"end":{"line":67,"column":33}}},"branchMap":{"1":{"line":10,"type":"if","locations":[{"start":{"line":10,"column":4},"end":{"line":10,"column":4}},{"start":{"line":10,"column":4},"end":{"line":10,"column":4}}]},"2":{"line":21,"type":"if","locations":[{"start":{"line":21,"column":2},"end":{"line":21,"column":2}},{"start":{"line":21,"column":2},"end":{"line":21,"column":2}}]},"3":{"line":42,"type":"if","locations":[{"start":{"line":42,"column":3},"end":{"line":42,"column":3}},{"start":{"line":42,"column":3},"end":{"line":42,"column":3}}]},"4":{"line":42,"type":"binary-expr","locations":[{"start":{"line":42,"column":7},"end":{"line":42,"column":10}},{"start":{"line":42,"column":14},"end":{"line":42,"column":34}}]},"5":{"line":51,"type":"if","locations":[{"start":{"line":51,"column":3},"end":{"line":51,"column":3}},{"start":{"line":51,"column":3},"end":{"line":51,"column":3}}]},"6":{"line":51,"type":"binary-expr","locations":[{"start":{"line":51,"column":7},"end":{"line":51,"column":10}},{"start":{"line":51,"column":14},"end":{"line":51,"column":34}}]}}}}