TN:
SF:/Users/tomcaflisch/Sites/generator-hapijs/generators/app/index.js
FN:10,(anonymous_1)
FN:13,(anonymous_2)
FN:20,(anonymous_3)
FN:33,(anonymous_4)
FN:40,(anonymous_5)
FNF:5
FNH:5
FNDA:1,(anonymous_1)
FNDA:1,(anonymous_2)
FNDA:1,(anonymous_3)
FNDA:1,(anonymous_4)
FNDA:1,(anonymous_5)
DA:2,1
DA:3,1
DA:4,1
DA:5,1
DA:6,1
DA:9,1
DA:11,1
DA:13,1
DA:14,1
DA:15,0
DA:21,1
DA:24,1
DA:26,1
DA:33,1
DA:34,1
DA:36,1
DA:41,1
DA:42,1
DA:51,1
LF:19
LH:18
BRDA:14,1,0,0
BRDA:14,1,1,1
BRF:2
BRH:1
end_of_record
TN:
SF:/Users/tomcaflisch/Sites/generator-hapijs/generators/module/index.js
FN:9,(anonymous_1)
FN:18,(anonymous_2)
FN:30,(anonymous_3)
FN:38,(anonymous_4)
FN:41,(anonymous_5)
FN:50,(anonymous_6)
FNF:6
FNH:4
FNDA:2,(anonymous_1)
FNDA:2,(anonymous_2)
FNDA:1,(anonymous_3)
FNDA:2,(anonymous_4)
FNDA:0,(anonymous_5)
FNDA:0,(anonymous_6)
DA:2,1
DA:3,1
DA:4,1
DA:5,1
DA:8,1
DA:10,2
DA:11,1
DA:13,1
DA:21,2
DA:22,1
DA:24,1
DA:25,1
DA:31,1
DA:32,1
DA:41,2
DA:42,0
DA:44,0
DA:45,0
DA:50,2
DA:51,0
DA:53,0
DA:54,0
DA:59,2
DA:60,2
DA:61,2
DA:62,2
DA:63,2
DA:67,1
LF:28
LH:22
BRDA:10,1,0,1
BRDA:10,1,1,1
BRDA:21,2,0,1
BRDA:21,2,1,1
BRDA:42,3,0,0
BRDA:42,3,1,0
BRDA:42,4,0,0
BRDA:42,4,1,0
BRDA:51,5,0,0
BRDA:51,5,1,0
BRDA:51,6,0,0
BRDA:51,6,1,0
BRF:12
BRH:4
end_of_record
