TN:
SF:/Users/tomcaflisch/Sites/generator-hapijs/generators/app/index.js
FN:10,(anonymous_1)
FN:13,(anonymous_2)
FN:20,(anonymous_3)
FN:40,(anonymous_4)
FNF:4
FNH:4
FNDA:1,(anonymous_1)
FNDA:1,(anonymous_2)
FNDA:1,(anonymous_3)
FNDA:1,(anonymous_4)
DA:2,1
DA:3,1
DA:4,1
DA:5,1
DA:6,1
DA:9,1
DA:11,1
DA:13,1
DA:14,1
DA:15,0
DA:24,1
DA:41,1
DA:42,1
DA:43,1
DA:44,1
DA:53,1
LF:16
LH:15
BRDA:14,1,0,0
BRDA:14,1,1,1
BRF:2
BRH:1
end_of_record
TN:
SF:/Users/tomcaflisch/Sites/generator-hapijs/generators/module/index.js
FN:10,(anonymous_1)
FN:21,(anonymous_2)
FN:33,(anonymous_3)
FN:41,(anonymous_4)
FN:44,(anonymous_5)
FN:53,(anonymous_6)
FNF:6
FNH:4
FNDA:2,(anonymous_1)
FNDA:2,(anonymous_2)
FNDA:1,(anonymous_3)
FNDA:2,(anonymous_4)
FNDA:0,(anonymous_5)
FNDA:0,(anonymous_6)
DA:2,1
DA:3,1
DA:4,1
DA:5,1
DA:6,1
DA:9,1
DA:13,2
DA:14,1
DA:16,1
DA:24,2
DA:25,1
DA:27,1
DA:28,1
DA:34,1
DA:35,1
DA:44,2
DA:45,0
DA:47,0
DA:48,0
DA:53,2
DA:54,0
DA:56,0
DA:57,0
DA:62,2
DA:63,2
DA:64,2
DA:65,2
DA:66,2
DA:70,1
LF:29
LH:23
BRDA:13,1,0,1
BRDA:13,1,1,1
BRDA:24,2,0,1
BRDA:24,2,1,1
BRDA:45,3,0,0
BRDA:45,3,1,0
BRDA:45,4,0,0
BRDA:45,4,1,0
BRDA:54,5,0,0
BRDA:54,5,1,0
BRDA:54,6,0,0
BRDA:54,6,1,0
BRF:12
BRH:4
end_of_record
